mzb-phone-app-android/MzbCustomerApp/build/outputs/logs/manifest-merger-debug-report.txt
-- Merging decision tree log ---
manifest
ADDED from src/main/AndroidManifest.xml:2:1-249:12
	xmlns:android
		ADDED from src/main/AndroidManifest.xml:2:11-69
	package
		ADDED from src/main/AndroidManifest.xml:3:5-37
		INJECTED from src/main/AndroidManifest.xml
		INJECTED from src/main/AndroidManifest.xml
	android:versionName
		INJECTED from src/main/AndroidManifest.xml
		INJECTED from src/main/AndroidManifest.xml
	android:versionCode
		INJECTED from src/main/AndroidManifest.xml
		INJECTED from src/main/AndroidManifest.xml
permission#com.xem.mzbcustomerapp.permission.JPUSH_MESSAGE
ADDED from src/main/AndroidManifest.xml:6:5-8:47
	android:protectionLevel
		ADDED from src/main/AndroidManifest.xml:8:9-44
	android:name
		ADDED from src/main/AndroidManifest.xml:7:9-71
uses-permission#android.permission.CALL_PHONE
ADDED from src/main/AndroidManifest.xml:11:5-69
	android:name
		ADDED from src/main/AndroidManifest.xml:11:22-66
uses-permission#com.xem.mzbcustomerapp.permission.JPUSH_MESSAGE
ADDED from src/main/AndroidManifest.xml:12:5-87
	android:name
		ADDED from src/main/AndroidManifest.xml:12:22-84
uses-permission#android.permission.RECEIVE_USER_PRESENT
ADDED from src/main/AndroidManifest.xml:13:5-79
	android:name
		ADDED from src/main/AndroidManifest.xml:13:22-76
uses-permission#android.permission.INTERNET
ADDED from src/main/AndroidManifest.xml:14:5-67
	android:name
		ADDED from src/main/AndroidManifest.xml:14:22-64
uses-permission#android.permission.WAKE_LOCK
ADDED from src/main/AndroidManifest.xml:15:5-68
	android:name
		ADDED from src/main/AndroidManifest.xml:15:22-65
uses-permission#android.permission.READ_PHONE_STATE
ADDED from src/main/AndroidManifest.xml:16:5-75
	android:name
		ADDED from src/main/AndroidManifest.xml:16:22-72
uses-permission#android.permission.WRITE_EXTERNAL_STORAGE
ADDED from src/main/AndroidManifest.xml:17:5-81
	android:name
		ADDED from src/main/AndroidManifest.xml:17:22-78
uses-permission#android.permission.READ_EXTERNAL_STORAGE
ADDED from src/main/AndroidManifest.xml:18:5-80
	android:name
		ADDED from src/main/AndroidManifest.xml:18:22-77
uses-permission#android.permission.VIBRATE
ADDED from src/main/AndroidManifest.xml:19:5-66
	android:name
		ADDED from src/main/AndroidManifest.xml:19:22-63
uses-permission#android.permission.MOUNT_UNMOUNT_FILESYSTEMS
ADDED from src/main/AndroidManifest.xml:20:5-84
	android:name
		ADDED from src/main/AndroidManifest.xml:20:22-81
uses-permission#android.permission.ACCESS_NETWORK_STATE
ADDED from src/main/AndroidManifest.xml:21:5-79
	android:name
		ADDED from src/main/AndroidManifest.xml:21:22-76
uses-permission#android.permission.SYSTEM_ALERT_WINDOW
ADDED from src/main/AndroidManifest.xml:22:5-78
	android:name
		ADDED from src/main/AndroidManifest.xml:22:22-75
uses-permission#android.permission.WRITE_SETTINGS
ADDED from src/main/AndroidManifest.xml:23:5-73
	android:name
		ADDED from src/main/AndroidManifest.xml:23:22-70
uses-permission#android.permission.ACCESS_COARSE_LOCATION
ADDED from src/main/AndroidManifest.xml:27:5-81
	android:name
		ADDED from src/main/AndroidManifest.xml:27:22-78
uses-permission#android.permission.ACCESS_COARSE_UPDATES
ADDED from src/main/AndroidManifest.xml:28:5-80
	android:name
		ADDED from src/main/AndroidManifest.xml:28:22-77
uses-permission#android.permission.ACCESS_WIFI_STATE
ADDED from src/main/AndroidManifest.xml:29:5-76
	android:name
		ADDED from src/main/AndroidManifest.xml:29:22-73
uses-permission#android.permission.CHANGE_WIFI_STATE
ADDED from src/main/AndroidManifest.xml:30:5-76
	android:name
		ADDED from src/main/AndroidManifest.xml:30:22-73
uses-permission#android.permission.ACCESS_FINE_LOCATION
ADDED from src/main/AndroidManifest.xml:31:5-79
	android:name
		ADDED from src/main/AndroidManifest.xml:31:22-76
uses-permission#android.permission.ACCESS_LOCATION_EXTRA_COMMANDS
ADDED from src/main/AndroidManifest.xml:32:5-89
	android:name
		ADDED from src/main/AndroidManifest.xml:32:22-86
uses-permission#android.permission.CHANGE_NETWORK_STATE
ADDED from src/main/AndroidManifest.xml:33:5-79
	android:name
		ADDED from src/main/AndroidManifest.xml:33:22-76
uses-permission#android.permission.CAMERA
ADDED from src/main/AndroidManifest.xml:35:5-65
	android:name
		ADDED from src/main/AndroidManifest.xml:35:22-62
uses-permission#android.permission.READ_SMS
ADDED from src/main/AndroidManifest.xml:36:5-66
	android:name
		ADDED from src/main/AndroidManifest.xml:36:22-64
uses-feature#android.hardware.camera
ADDED from src/main/AndroidManifest.xml:37:5-60
	android:name
		ADDED from src/main/AndroidManifest.xml:37:19-57
uses-feature#android.hardware.camera.autofocus
ADDED from src/main/AndroidManifest.xml:38:5-70
	android:name
		ADDED from src/main/AndroidManifest.xml:38:19-67
uses-permission#android.permission.GET_TASKS
ADDED from src/main/AndroidManifest.xml:40:5-68
	android:name
		ADDED from src/main/AndroidManifest.xml:40:22-65
uses-permission#android.permission.MANAGE_ACCOUNTS
ADDED from src/main/AndroidManifest.xml:49:5-74
	android:name
		ADDED from src/main/AndroidManifest.xml:49:22-71
uses-permission#android.permission.GET_ACCOUNTS
ADDED from src/main/AndroidManifest.xml:50:5-71
	android:name
		ADDED from src/main/AndroidManifest.xml:50:22-68
uses-permission#android.permission.BLUETOOTH
ADDED from src/main/AndroidManifest.xml:52:5-68
	android:name
		ADDED from src/main/AndroidManifest.xml:52:22-65
uses-permission#android.permission.BLUETOOTH_ADMIN
ADDED from src/main/AndroidManifest.xml:53:5-74
	android:name
		ADDED from src/main/AndroidManifest.xml:53:22-71
application
ADDED from src/main/AndroidManifest.xml:57:5-248:19
MERGED from [com.android.support:appcompat-v7:23.1.0] AndroidManifest.xml:22:5-20
MERGED from [com.android.support:support-v4:23.1.0] AndroidManifest.xml:22:5-20
MERGED from [com.android.support:design:23.1.0] AndroidManifest.xml:22:5-20
MERGED from [com.android.support:appcompat-v7:23.1.0] AndroidManifest.xml:22:5-20
MERGED from [com.android.support:support-v4:23.1.0] AndroidManifest.xml:22:5-20
MERGED from [com.android.support:support-v4:23.1.0] AndroidManifest.xml:22:5-20
MERGED from [com.android.support:support-v4:23.1.0] AndroidManifest.xml:22:5-20
MERGED from [mzb-phone-app-android:pulltorefresh:unspecified] AndroidManifest.xml:11:5-14:19
MERGED from [com.android.support:appcompat-v7:23.1.0] AndroidManifest.xml:22:5-20
MERGED from [com.android.support:support-v4:23.1.0] AndroidManifest.xml:22:5-20
MERGED from [mzb-phone-app-android:circleimageview:unspecified] AndroidManifest.xml:9:5-20
	android:supportsRtl
		ADDED from src/main/AndroidManifest.xml:62:9-35
	android:label
		ADDED from src/main/AndroidManifest.xml:61:9-41
	android:allowBackup
		ADDED from src/main/AndroidManifest.xml:59:9-35
	android:icon
		ADDED from src/main/AndroidManifest.xml:60:9-40
	android:theme
		ADDED from src/main/AndroidManifest.xml:63:9-43
	android:name
		ADDED from src/main/AndroidManifest.xml:58:9-45
activity#com.xem.mzbcustomerapp.activity.SplashAty
ADDED from src/main/AndroidManifest.xml:64:9-73:20
	android:label
		ADDED from src/main/AndroidManifest.xml:66:13-45
	android:theme
		ADDED from src/main/AndroidManifest.xml:67:13-47
	android:name
		ADDED from src/main/AndroidManifest.xml:65:13-47
intent-filter#android.intent.action.MAIN+android.intent.category.LAUNCHER
ADDED from src/main/AndroidManifest.xml:68:13-72:29
action#android.intent.action.MAIN
ADDED from src/main/AndroidManifest.xml:69:17-69
	android:name
		ADDED from src/main/AndroidManifest.xml:69:25-66
category#android.intent.category.LAUNCHER
ADDED from src/main/AndroidManifest.xml:71:17-77
	android:name
		ADDED from src/main/AndroidManifest.xml:71:27-74
activity#com.mob.tools.MobUIShell
ADDED from src/main/AndroidManifest.xml:74:9-86:20
	android:windowSoftInputMode
		ADDED from src/main/AndroidManifest.xml:79:13-67
	android:screenOrientation
		ADDED from src/main/AndroidManifest.xml:78:13-49
	android:configChanges
		ADDED from src/main/AndroidManifest.xml:77:13-74
	android:theme
		ADDED from src/main/AndroidManifest.xml:76:13-72
	android:name
		ADDED from src/main/AndroidManifest.xml:75:13-52
intent-filter#android.intent.action.VIEW+android.intent.category.BROWSABLE+android.intent.category.DEFAULT
ADDED from src/main/AndroidManifest.xml:80:13-85:29
data
ADDED from src/main/AndroidManifest.xml:81:17-60
	android:scheme
		ADDED from src/main/AndroidManifest.xml:81:23-57
action#android.intent.action.VIEW
ADDED from src/main/AndroidManifest.xml:82:17-69
	android:name
		ADDED from src/main/AndroidManifest.xml:82:25-66
category#android.intent.category.BROWSABLE
ADDED from src/main/AndroidManifest.xml:83:17-78
	android:name
		ADDED from src/main/AndroidManifest.xml:83:27-75
category#android.intent.category.DEFAULT
ADDED from src/main/AndroidManifest.xml:84:17-76
	android:name
		ADDED from src/main/AndroidManifest.xml:84:27-73
activity#com.xem.mzbcustomerapp.wxapi.WXEntryActivity
ADDED from src/main/AndroidManifest.xml:89:9-94:52
	android:screenOrientation
		ADDED from src/main/AndroidManifest.xml:94:13-49
	android:configChanges
		ADDED from src/main/AndroidManifest.xml:92:13-74
	android:theme
		ADDED from src/main/AndroidManifest.xml:91:13-72
	android:exported
		ADDED from src/main/AndroidManifest.xml:93:13-36
	android:name
		ADDED from src/main/AndroidManifest.xml:90:13-50
activity#com.xem.mzbcustomerapp.activity.DialogActivity
ADDED from src/main/AndroidManifest.xml:96:9-99:20
	android:theme
		ADDED from src/main/AndroidManifest.xml:98:13-72
	android:name
		ADDED from src/main/AndroidManifest.xml:97:13-74
activity#com.xem.mzbcustomerapp.activity.SpaceImageDetailActivity
ADDED from src/main/AndroidManifest.xml:101:9-70
	android:name
		ADDED from src/main/AndroidManifest.xml:101:19-68
activity#com.xem.mzbcustomerapp.activity.B0_ProfileActivity
ADDED from src/main/AndroidManifest.xml:102:9-65
	android:name
		ADDED from src/main/AndroidManifest.xml:102:19-62
activity#com.xem.mzbcustomerapp.activity.B0_InfoAty
ADDED from src/main/AndroidManifest.xml:103:9-57
	android:name
		ADDED from src/main/AndroidManifest.xml:103:19-54
activity#com.xem.mzbcustomerapp.other.zxing.activity.CaptureActivity
ADDED from src/main/AndroidManifest.xml:104:9-74
	android:name
		ADDED from src/main/AndroidManifest.xml:104:19-71
activity#com.xem.mzbcustomerapp.activity.TestDemo
ADDED from src/main/AndroidManifest.xml:105:9-55
	android:name
		ADDED from src/main/AndroidManifest.xml:105:19-52
activity#com.xem.mzbcustomerapp.activity.B0_MyStoreActivity
ADDED from src/main/AndroidManifest.xml:106:9-65
	android:name
		ADDED from src/main/AndroidManifest.xml:106:19-62
activity#com.xem.mzbcustomerapp.activity.B1_StoreListActivity
ADDED from src/main/AndroidManifest.xml:107:9-67
	android:name
		ADDED from src/main/AndroidManifest.xml:107:19-64
activity#com.xem.mzbcustomerapp.activity.B0_ServerCommentActivity
ADDED from src/main/AndroidManifest.xml:108:9-110:47
	android:name
		ADDED from src/main/AndroidManifest.xml:109:13-62
	android:launchMode
		ADDED from src/main/AndroidManifest.xml:110:13-44
activity#com.xem.mzbcustomerapp.activity.B0_PrivilegeActivity
ADDED from src/main/AndroidManifest.xml:111:9-67
	android:name
		ADDED from src/main/AndroidManifest.xml:111:19-64
activity#com.xem.mzbcustomerapp.activity.B0_BeautyFileActivity
ADDED from src/main/AndroidManifest.xml:112:9-68
	android:name
		ADDED from src/main/AndroidManifest.xml:112:19-65
activity#com.xem.mzbcustomerapp.activity.B0_OrderActivity
ADDED from src/main/AndroidManifest.xml:113:9-63
	android:name
		ADDED from src/main/AndroidManifest.xml:113:19-60
activity#com.xem.mzbcustomerapp.activity.B0_MyAccountActivity
ADDED from src/main/AndroidManifest.xml:114:9-67
	android:name
		ADDED from src/main/AndroidManifest.xml:114:19-64
activity#com.xem.mzbcustomerapp.activity.B1_StoreProductActivity
ADDED from src/main/AndroidManifest.xml:115:9-70
	android:name
		ADDED from src/main/AndroidManifest.xml:115:19-67
activity#com.xem.mzbcustomerapp.activity.A0_LoginActivity
ADDED from src/main/AndroidManifest.xml:116:9-63
	android:name
		ADDED from src/main/AndroidManifest.xml:116:19-60
activity#com.xem.mzbcustomerapp.activity.A0_FindPwdActivity
ADDED from src/main/AndroidManifest.xml:117:9-65
	android:name
		ADDED from src/main/AndroidManifest.xml:117:19-62
activity#com.xem.mzbcustomerapp.activity.A0_RegisterActivity
ADDED from src/main/AndroidManifest.xml:118:9-66
	android:name
		ADDED from src/main/AndroidManifest.xml:118:19-63
activity#com.xem.mzbcustomerapp.activity.A0_SettingPwdActivity
ADDED from src/main/AndroidManifest.xml:119:9-68
	android:name
		ADDED from src/main/AndroidManifest.xml:119:19-65
activity#com.xem.mzbcustomerapp.activity.A0_ResetPwdActivity
ADDED from src/main/AndroidManifest.xml:120:9-66
	android:name
		ADDED from src/main/AndroidManifest.xml:120:19-63
activity#com.xem.mzbcustomerapp.activity.A0_ModifyPwdActivity
ADDED from src/main/AndroidManifest.xml:121:9-67
	android:name
		ADDED from src/main/AndroidManifest.xml:121:19-64
activity#com.xem.mzbcustomerapp.activity.B1_ProfileInfoActivity
ADDED from src/main/AndroidManifest.xml:122:9-69
	android:name
		ADDED from src/main/AndroidManifest.xml:122:19-66
activity#com.xem.mzbcustomerapp.activity.B1_AboutUsActivity
ADDED from src/main/AndroidManifest.xml:123:9-65
	android:name
		ADDED from src/main/AndroidManifest.xml:123:19-62
activity#com.xem.mzbcustomerapp.activity.B1_SettingActivity
ADDED from src/main/AndroidManifest.xml:124:9-65
	android:name
		ADDED from src/main/AndroidManifest.xml:124:19-62
activity#com.xem.mzbcustomerapp.activity.B1_OpinionFeedbackActivity
ADDED from src/main/AndroidManifest.xml:125:9-73
	android:name
		ADDED from src/main/AndroidManifest.xml:125:19-70
activity#com.xem.mzbcustomerapp.activity.B1_MyQrActivity
ADDED from src/main/AndroidManifest.xml:126:9-62
	android:name
		ADDED from src/main/AndroidManifest.xml:126:19-59
activity#com.xem.mzbcustomerapp.activity.B1_AllBeautyFileActivity
ADDED from src/main/AndroidManifest.xml:127:9-71
	android:name
		ADDED from src/main/AndroidManifest.xml:127:19-68
activity#com.xem.mzbcustomerapp.activity.B1_BrandDetailActivity
ADDED from src/main/AndroidManifest.xml:128:9-69
	android:name
		ADDED from src/main/AndroidManifest.xml:128:19-66
activity#com.xem.mzbcustomerapp.activity.B2_SelectMlsActivity
ADDED from src/main/AndroidManifest.xml:129:9-67
	android:name
		ADDED from src/main/AndroidManifest.xml:129:19-64
activity#com.xem.mzbcustomerapp.activity.CommWriteActivity
ADDED from src/main/AndroidManifest.xml:130:9-64
	android:name
		ADDED from src/main/AndroidManifest.xml:130:19-61
activity#com.xem.mzbcustomerapp.activity.B1_BeautyImgActivity
ADDED from src/main/AndroidManifest.xml:131:9-67
	android:name
		ADDED from src/main/AndroidManifest.xml:131:19-64
activity#com.xem.mzbcustomerapp.activity.B1_StoreDetailActivity
ADDED from src/main/AndroidManifest.xml:132:9-69
	android:name
		ADDED from src/main/AndroidManifest.xml:132:19-66
activity#com.xem.mzbcustomerapp.activity.B1_GoodsDetailActivity
ADDED from src/main/AndroidManifest.xml:133:9-69
	android:name
		ADDED from src/main/AndroidManifest.xml:133:19-66
activity#com.xem.mzbcustomerapp.activity.B2_SelectXmActivity
ADDED from src/main/AndroidManifest.xml:134:9-66
	android:name
		ADDED from src/main/AndroidManifest.xml:134:19-63
activity#com.xem.mzbcustomerapp.activity.B2_ServerCommentActivity
ADDED from src/main/AndroidManifest.xml:135:9-71
	android:name
		ADDED from src/main/AndroidManifest.xml:135:19-68
activity#com.xem.mzbcustomerapp.activity.B2_ToServerCommentActivity
ADDED from src/main/AndroidManifest.xml:136:9-73
	android:name
		ADDED from src/main/AndroidManifest.xml:136:19-70
activity#com.xem.mzbcustomerapp.activity.A0_HeadPortraitAty
ADDED from src/main/AndroidManifest.xml:137:9-65
	android:name
		ADDED from src/main/AndroidManifest.xml:137:19-62
activity#com.xem.mzbcustomerapp.activity.A0_AddUserinfpActivity
ADDED from src/main/AndroidManifest.xml:138:9-69
	android:name
		ADDED from src/main/AndroidManifest.xml:138:19-66
activity#com.xem.mzbcustomerapp.activity.A0_AddUserNameActivity
ADDED from src/main/AndroidManifest.xml:139:9-69
	android:name
		ADDED from src/main/AndroidManifest.xml:139:19-66
activity#com.xem.mzbcustomerapp.activity.A0_CheckSexActivity
ADDED from src/main/AndroidManifest.xml:140:9-66
	android:name
		ADDED from src/main/AndroidManifest.xml:140:19-63
activity#com.xem.mzbcustomerapp.activity.ArticleActivity
ADDED from src/main/AndroidManifest.xml:141:9-62
	android:name
		ADDED from src/main/AndroidManifest.xml:141:19-59
activity#com.xem.mzbcustomerapp.activity.DialogCommentActivity
ADDED from src/main/AndroidManifest.xml:142:9-144:59
	android:theme
		ADDED from src/main/AndroidManifest.xml:144:13-56
	android:name
		ADDED from src/main/AndroidManifest.xml:143:13-59
activity#com.xem.mzbcustomerapp.activity.B1_StoreDetailAty
ADDED from src/main/AndroidManifest.xml:145:9-64
	android:name
		ADDED from src/main/AndroidManifest.xml:145:19-61
activity#com.xem.mzbcustomerapp.activity.HomeActivity
ADDED from src/main/AndroidManifest.xml:146:9-58
	android:name
		ADDED from src/main/AndroidManifest.xml:146:19-56
activity#com.xem.mzbcustomerapp.activity.B2_SelectXmAty
ADDED from src/main/AndroidManifest.xml:147:9-60
	android:name
		ADDED from src/main/AndroidManifest.xml:147:19-58
activity#com.xem.mzbcustomerapp.activity.WebviewAty
ADDED from src/main/AndroidManifest.xml:148:9-56
	android:name
		ADDED from src/main/AndroidManifest.xml:148:19-54
service#cn.jpush.android.service.PushService
ADDED from src/main/AndroidManifest.xml:152:9-162:19
	android:exported
		ADDED from src/main/AndroidManifest.xml:155:13-37
	android:enabled
		ADDED from src/main/AndroidManifest.xml:154:13-35
	android:name
		ADDED from src/main/AndroidManifest.xml:153:13-64
intent-filter#cn.jpush.android.intent.PUSH_TIME+cn.jpush.android.intent.PushService+cn.jpush.android.intent.REGISTER+cn.jpush.android.intent.REPORT
ADDED from src/main/AndroidManifest.xml:156:13-161:29
action#cn.jpush.android.intent.REGISTER
ADDED from src/main/AndroidManifest.xml:157:17-75
	android:name
		ADDED from src/main/AndroidManifest.xml:157:25-72
action#cn.jpush.android.intent.REPORT
ADDED from src/main/AndroidManifest.xml:158:17-73
	android:name
		ADDED from src/main/AndroidManifest.xml:158:25-70
action#cn.jpush.android.intent.PushService
ADDED from src/main/AndroidManifest.xml:159:17-78
	android:name
		ADDED from src/main/AndroidManifest.xml:159:25-75
action#cn.jpush.android.intent.PUSH_TIME
ADDED from src/main/AndroidManifest.xml:160:17-76
	android:name
		ADDED from src/main/AndroidManifest.xml:160:25-73
receiver#cn.jpush.android.service.PushReceiver
ADDED from src/main/AndroidManifest.xml:165:9-185:20
	android:enabled
		ADDED from src/main/AndroidManifest.xml:167:13-35
	android:name
		ADDED from src/main/AndroidManifest.xml:166:13-65
intent-filter#cn.jpush.android.intent.NOTIFICATION_RECEIVED_PROXY+com.xem.mzbcustomerapp
ADDED from src/main/AndroidManifest.xml:168:13-173:29
	android:priority
		ADDED from src/main/AndroidManifest.xml:168:28-51
action#cn.jpush.android.intent.NOTIFICATION_RECEIVED_PROXY
ADDED from src/main/AndroidManifest.xml:169:17-94
	android:name
		ADDED from src/main/AndroidManifest.xml:169:25-91
category#com.xem.mzbcustomerapp
ADDED from src/main/AndroidManifest.xml:171:17-67
	android:name
		ADDED from src/main/AndroidManifest.xml:171:27-64
intent-filter#android.intent.action.USER_PRESENT+android.net.conn.CONNECTIVITY_CHANGE
ADDED from src/main/AndroidManifest.xml:175:13-178:29
action#android.intent.action.USER_PRESENT
ADDED from src/main/AndroidManifest.xml:176:17-77
	android:name
		ADDED from src/main/AndroidManifest.xml:176:25-74
action#android.net.conn.CONNECTIVITY_CHANGE
ADDED from src/main/AndroidManifest.xml:177:17-79
	android:name
		ADDED from src/main/AndroidManifest.xml:177:25-76
intent-filter#android.intent.action.PACKAGE_ADDED+android.intent.action.PACKAGE_REMOVED
ADDED from src/main/AndroidManifest.xml:179:13-184:29
action#android.intent.action.PACKAGE_ADDED
ADDED from src/main/AndroidManifest.xml:180:17-78
	android:name
		ADDED from src/main/AndroidManifest.xml:180:25-75
action#android.intent.action.PACKAGE_REMOVED
ADDED from src/main/AndroidManifest.xml:181:17-80
	android:name
		ADDED from src/main/AndroidManifest.xml:181:25-77
activity#cn.jpush.android.ui.PushActivity
ADDED from src/main/AndroidManifest.xml:187:9-197:20
	android:configChanges
		ADDED from src/main/AndroidManifest.xml:189:13-63
	android:theme
		ADDED from src/main/AndroidManifest.xml:190:13-72
	android:name
		ADDED from src/main/AndroidManifest.xml:188:13-60
intent-filter#android.intent.category.DEFAULT+cn.jpush.android.ui.PushActivity+com.xem.mzbcustomerapp
ADDED from src/main/AndroidManifest.xml:191:13-196:29
action#cn.jpush.android.ui.PushActivity
ADDED from src/main/AndroidManifest.xml:192:17-75
	android:name
		ADDED from src/main/AndroidManifest.xml:192:25-72
service#cn.jpush.android.service.DownloadService
ADDED from src/main/AndroidManifest.xml:199:9-202:48
	android:exported
		ADDED from src/main/AndroidManifest.xml:202:13-37
	android:enabled
		ADDED from src/main/AndroidManifest.xml:201:13-35
	android:name
		ADDED from src/main/AndroidManifest.xml:200:13-68
receiver#cn.jpush.android.service.AlarmReceiver
ADDED from src/main/AndroidManifest.xml:204:9-75
	android:name
		ADDED from src/main/AndroidManifest.xml:204:19-72
receiver#com.xem.mzbcustomerapp.base.MzbReceiver
ADDED from src/main/AndroidManifest.xml:206:9-225:20
	android:enabled
		ADDED from src/main/AndroidManifest.xml:208:13-35
	android:name
		ADDED from src/main/AndroidManifest.xml:207:13-45
intent-filter#cn.jpush.android.intent.ACTION_RICHPUSH_CALLBACK+cn.jpush.android.intent.CONNECTION+cn.jpush.android.intent.MESSAGE_RECEIVED+cn.jpush.android.intent.NOTIFICATION_OPENED+cn.jpush.android.intent.NOTIFICATION_RECEIVED+cn.jpush.android.intent.REGISTRATION+cn.jpush.android.intent.UNREGISTRATION+com.xem.mzbcustomerapp
ADDED from src/main/AndroidManifest.xml:209:13-224:29
action#cn.jpush.android.intent.REGISTRATION
ADDED from src/main/AndroidManifest.xml:210:17-79
	android:name
		ADDED from src/main/AndroidManifest.xml:210:25-76
action#cn.jpush.android.intent.UNREGISTRATION
ADDED from src/main/AndroidManifest.xml:212:17-81
	android:name
		ADDED from src/main/AndroidManifest.xml:212:25-78
action#cn.jpush.android.intent.MESSAGE_RECEIVED
ADDED from src/main/AndroidManifest.xml:213:17-83
	android:name
		ADDED from src/main/AndroidManifest.xml:213:25-80
action#cn.jpush.android.intent.NOTIFICATION_RECEIVED
ADDED from src/main/AndroidManifest.xml:215:17-88
	android:name
		ADDED from src/main/AndroidManifest.xml:215:25-85
action#cn.jpush.android.intent.NOTIFICATION_OPENED
ADDED from src/main/AndroidManifest.xml:217:17-86
	android:name
		ADDED from src/main/AndroidManifest.xml:217:25-83
action#cn.jpush.android.intent.ACTION_RICHPUSH_CALLBACK
ADDED from src/main/AndroidManifest.xml:219:17-91
	android:name
		ADDED from src/main/AndroidManifest.xml:219:25-88
action#cn.jpush.android.intent.CONNECTION
ADDED from src/main/AndroidManifest.xml:221:17-77
	android:name
		ADDED from src/main/AndroidManifest.xml:221:25-74
meta-data#JPUSH_CHANNEL
ADDED from src/main/AndroidManifest.xml:228:9-230:49
	android:name
		ADDED from src/main/AndroidManifest.xml:229:13-41
	android:value
		ADDED from src/main/AndroidManifest.xml:230:13-46
meta-data#JPUSH_APPKEY
ADDED from src/main/AndroidManifest.xml:231:9-233:56
	android:name
		ADDED from src/main/AndroidManifest.xml:232:13-40
	android:value
		ADDED from src/main/AndroidManifest.xml:233:13-53
meta-data#AA_DB_NAME
ADDED from src/main/AndroidManifest.xml:236:9-238:38
	android:name
		ADDED from src/main/AndroidManifest.xml:237:13-38
	android:value
		ADDED from src/main/AndroidManifest.xml:238:13-35
meta-data#AA_DB_VERSION
ADDED from src/main/AndroidManifest.xml:239:9-241:33
	android:name
		ADDED from src/main/AndroidManifest.xml:240:13-41
	android:value
		ADDED from src/main/AndroidManifest.xml:241:13-30
meta-data#UMENG_APPKEY
ADDED from src/main/AndroidManifest.xml:242:9-244:56
	android:name
		ADDED from src/main/AndroidManifest.xml:243:13-40
	android:value
		ADDED from src/main/AndroidManifest.xml:244:13-53
meta-data#UMENG_CHANNEL
ADDED from src/main/AndroidManifest.xml:245:9-247:41
	android:name
		ADDED from src/main/AndroidManifest.xml:246:13-41
	android:value
		ADDED from src/main/AndroidManifest.xml:247:13-38
uses-sdk
INJECTED from src/main/AndroidManifest.xml reason: use-sdk injection requested
MERGED from [com.android.support:appcompat-v7:23.1.0] AndroidManifest.xml:20:5-43
MERGED from [com.android.support:support-v4:23.1.0] AndroidManifest.xml:20:5-43
MERGED from [com.android.support:design:23.1.0] AndroidManifest.xml:20:5-43
MERGED from [com.android.support:appcompat-v7:23.1.0] AndroidManifest.xml:20:5-43
MERGED from [com.android.support:support-v4:23.1.0] AndroidManifest.xml:20:5-43
MERGED from [com.android.support:recyclerview-v7:23.1.0] AndroidManifest.xml:20:5-43
MERGED from [com.android.support:support-v4:23.1.0] AndroidManifest.xml:20:5-43
MERGED from [com.android.support:support-v4:23.1.0] AndroidManifest.xml:20:5-43
MERGED from [mzb-phone-app-android:pulltorefresh:unspecified] AndroidManifest.xml:7:5-9:41
MERGED from [com.android.support:appcompat-v7:23.1.0] AndroidManifest.xml:20:5-43
MERGED from [com.android.support:support-v4:23.1.0] AndroidManifest.xml:20:5-43
MERGED from [mzb-phone-app-android:circleimageview:unspecified] AndroidManifest.xml:5:5-7:41
	android:targetSdkVersion
		INJECTED from src/main/AndroidManifest.xml
		INJECTED from src/main/AndroidManifest.xml
	android:minSdkVersion
		INJECTED from src/main/AndroidManifest.xml
		INJECTED from src/main/AndroidManifest.xml